<?xml version="1.0" encoding="utf-8"?><testsuites name="pytest tests"><testsuite name="pytest" errors="0" failures="5" skipped="0" tests="14" time="4.440" timestamp="2026-09-11T13:46:19.799902+00:00" hostname="agent-env-bc5385ca-7160-4b75-8700-afb3296fe727"><testcase classname="tests.test_cors_and_auth" name="test_cors_preflight_reflects_origin[/api/auth/register-POST]" time="0.178"><failure message="AssertionError: /api/auth/register ACAO='https://bc5385ca-7160-4b75-8700-afb3296fe727.cluster-3.preview.emergentcf.cloud' != request Origin 'https://biolinks-pro-3.preview.emergentagent.com'. Backend on localhost reflects correctly; the Emergent edge/ingress is rewriting the Access-Control-Allow-Origin header, which will still break browser CORS for this frontend.&#10;assert 'https://bc53...rgentcf.cloud' == 'https://biol...gentagent.com'&#10;  &#10;  - https://biolinks-pro-3.preview.emergentagent.com&#10;  + https://bc5385ca-7160-4b75-8700-afb3296fe727.cluster-3.preview.emergentcf.cloud">E   AssertionError: /api/auth/register ACAO='https://bc5385ca-7160-4b75-8700-afb3296fe727.cluster-3.preview.emergentcf.cloud' != request Origin 'https://biolinks-pro-3.preview.emergentagent.com'. Backend on localhost reflects correctly; the Emergent edge/ingress is rewriting the Access-Control-Allow-Origin header, which will still break browser CORS for this frontend.
    assert 'https://bc53...rgentcf.cloud' == 'https://biol...gentagent.com'
      
      - https://biolinks-pro-3.preview.emergentagent.com
      + https://bc5385ca-7160-4b75-8700-afb3296fe727.cluster-3.preview.emergentcf.cloud</failure></testcase><testcase classname="tests.test_cors_and_auth" name="test_cors_preflight_reflects_origin[/api/auth/login-POST]" time="0.158"><failure message="AssertionError: /api/auth/login ACAO='https://bc5385ca-7160-4b75-8700-afb3296fe727.cluster-3.preview.emergentcf.cloud' != request Origin 'https://biolinks-pro-3.preview.emergentagent.com'. Backend on localhost reflects correctly; the Emergent edge/ingress is rewriting the Access-Control-Allow-Origin header, which will still break browser CORS for this frontend.&#10;assert 'https://bc53...rgentcf.cloud' == 'https://biol...gentagent.com'&#10;  &#10;  - https://biolinks-pro-3.preview.emergentagent.com&#10;  + https://bc5385ca-7160-4b75-8700-afb3296fe727.cluster-3.preview.emergentcf.cloud">E   AssertionError: /api/auth/login ACAO='https://bc5385ca-7160-4b75-8700-afb3296fe727.cluster-3.preview.emergentcf.cloud' != request Origin 'https://biolinks-pro-3.preview.emergentagent.com'. Backend on localhost reflects correctly; the Emergent edge/ingress is rewriting the Access-Control-Allow-Origin header, which will still break browser CORS for this frontend.
    assert 'https://bc53...rgentcf.cloud' == 'https://biol...gentagent.com'
      
      - https://biolinks-pro-3.preview.emergentagent.com
      + https://bc5385ca-7160-4b75-8700-afb3296fe727.cluster-3.preview.emergentcf.cloud</failure></testcase><testcase classname="tests.test_cors_and_auth" name="test_cors_preflight_reflects_origin[/api/auth/me-GET]" time="0.152"><failure message="AssertionError: /api/auth/me ACAO='https://bc5385ca-7160-4b75-8700-afb3296fe727.cluster-3.preview.emergentcf.cloud' != request Origin 'https://biolinks-pro-3.preview.emergentagent.com'. Backend on localhost reflects correctly; the Emergent edge/ingress is rewriting the Access-Control-Allow-Origin header, which will still break browser CORS for this frontend.&#10;assert 'https://bc53...rgentcf.cloud' == 'https://biol...gentagent.com'&#10;  &#10;  - https://biolinks-pro-3.preview.emergentagent.com&#10;  + https://bc5385ca-7160-4b75-8700-afb3296fe727.cluster-3.preview.emergentcf.cloud">E   AssertionError: /api/auth/me ACAO='https://bc5385ca-7160-4b75-8700-afb3296fe727.cluster-3.preview.emergentcf.cloud' != request Origin 'https://biolinks-pro-3.preview.emergentagent.com'. Backend on localhost reflects correctly; the Emergent edge/ingress is rewriting the Access-Control-Allow-Origin header, which will still break browser CORS for this frontend.
    assert 'https://bc53...rgentcf.cloud' == 'https://biol...gentagent.com'
      
      - https://biolinks-pro-3.preview.emergentagent.com
      + https://bc5385ca-7160-4b75-8700-afb3296fe727.cluster-3.preview.emergentcf.cloud</failure></testcase><testcase classname="tests.test_cors_and_auth" name="test_cors_preflight_reflects_origin[/api/public/pricing-GET]" time="0.205"><failure message="AssertionError: /api/public/pricing ACAO='https://bc5385ca-7160-4b75-8700-afb3296fe727.cluster-3.preview.emergentcf.cloud' != request Origin 'https://biolinks-pro-3.preview.emergentagent.com'. Backend on localhost reflects correctly; the Emergent edge/ingress is rewriting the Access-Control-Allow-Origin header, which will still break browser CORS for this frontend.&#10;assert 'https://bc53...rgentcf.cloud' == 'https://biol...gentagent.com'&#10;  &#10;  - https://biolinks-pro-3.preview.emergentagent.com&#10;  + https://bc5385ca-7160-4b75-8700-afb3296fe727.cluster-3.preview.emergentcf.cloud">E   AssertionError: /api/public/pricing ACAO='https://bc5385ca-7160-4b75-8700-afb3296fe727.cluster-3.preview.emergentcf.cloud' != request Origin 'https://biolinks-pro-3.preview.emergentagent.com'. Backend on localhost reflects correctly; the Emergent edge/ingress is rewriting the Access-Control-Allow-Origin header, which will still break browser CORS for this frontend.
    assert 'https://bc53...rgentcf.cloud' == 'https://biol...gentagent.com'
      
      - https://biolinks-pro-3.preview.emergentagent.com
      + https://bc5385ca-7160-4b75-8700-afb3296fe727.cluster-3.preview.emergentcf.cloud</failure></testcase><testcase classname="tests.test_cors_and_auth" name="test_cors_preflight_reflects_origin[/api/public/geo-GET]" time="0.152"><failure message="AssertionError: /api/public/geo ACAO='https://bc5385ca-7160-4b75-8700-afb3296fe727.cluster-3.preview.emergentcf.cloud' != request Origin 'https://biolinks-pro-3.preview.emergentagent.com'. Backend on localhost reflects correctly; the Emergent edge/ingress is rewriting the Access-Control-Allow-Origin header, which will still break browser CORS for this frontend.&#10;assert 'https://bc53...rgentcf.cloud' == 'https://biol...gentagent.com'&#10;  &#10;  - https://biolinks-pro-3.preview.emergentagent.com&#10;  + https://bc5385ca-7160-4b75-8700-afb3296fe727.cluster-3.preview.emergentcf.cloud">E   AssertionError: /api/public/geo ACAO='https://bc5385ca-7160-4b75-8700-afb3296fe727.cluster-3.preview.emergentcf.cloud' != request Origin 'https://biolinks-pro-3.preview.emergentagent.com'. Backend on localhost reflects correctly; the Emergent edge/ingress is rewriting the Access-Control-Allow-Origin header, which will still break browser CORS for this frontend.
    assert 'https://bc53...rgentcf.cloud' == 'https://biol...gentagent.com'
      
      - https://biolinks-pro-3.preview.emergentagent.com
      + https://bc5385ca-7160-4b75-8700-afb3296fe727.cluster-3.preview.emergentcf.cloud</failure></testcase><testcase classname="tests.test_cors_and_auth" name="test_cors_preflight_backend_direct_reflects_origin" time="0.002" /><testcase classname="tests.test_cors_and_auth" name="test_public_pricing" time="0.253" /><testcase classname="tests.test_cors_and_auth" name="test_public_geo" time="0.353" /><testcase classname="tests.test_cors_and_auth" name="test_admin_login" time="0.353" /><testcase classname="tests.test_cors_and_auth" name="test_admin_me" time="0.074" /><testcase classname="tests.test_cors_and_auth" name="test_register_new_user_and_me" time="1.014" /><testcase classname="tests.test_cors_and_auth" name="test_billing_checkout_email_monthly_trial" time="0.856" /><testcase classname="tests.test_cors_and_auth" name="test_admin_stats" time="0.076" /><testcase classname="tests.test_cors_and_auth" name="test_admin_users" time="0.092" /></testsuite></testsuites>