<?xml version="1.0" encoding="utf-8"?><testsuites name="pytest tests"><testsuite name="pytest" errors="0" failures="0" skipped="0" tests="7" time="12.649" timestamp="2026-09-11T14:37:33.347251+00:00" hostname="agent-env-bc5385ca-7160-4b75-8700-afb3296fe727"><testcase classname="tests.test_payment_gate" name="test_subscription_service_blocks_login_until_paid[email]" time="3.169" /><testcase classname="tests.test_payment_gate" name="test_subscription_service_blocks_login_until_paid[automation]" time="2.617" /><testcase classname="tests.test_payment_gate" name="test_subscription_service_blocks_login_until_paid[linkbio]" time="2.382" /><testcase classname="tests.test_payment_gate" name="test_usage_service_login_immediate[payments]" time="1.100" /><testcase classname="tests.test_payment_gate" name="test_usage_service_login_immediate[marketplace]" time="1.273" /><testcase classname="tests.test_payment_gate" name="test_admin_login_unaffected" time="0.445" /><testcase classname="tests.test_payment_gate" name="test_register_cors_headers_same_origin" time="0.610" /></testsuite></testsuites>