<?xml version="1.0" encoding="utf-8"?><testsuites name="pytest tests"><testsuite name="pytest" errors="0" failures="0" skipped="0" tests="14" time="8.830" timestamp="2026-09-11T16:08:29.479390+00:00" hostname="agent-env-bc5385ca-7160-4b75-8700-afb3296fe727"><testcase classname="tests.test_mp_admin_chat.TestMPAdmin" name="test_admin_login_returns_admin_type" time="0.409" /><testcase classname="tests.test_mp_admin_chat.TestMPAdmin" name="test_admin_stats" time="0.159" /><testcase classname="tests.test_mp_admin_chat.TestMPAdmin" name="test_admin_users_list" time="0.165" /><testcase classname="tests.test_mp_admin_chat.TestMPAdmin" name="test_non_admin_forbidden" time="0.535" /><testcase classname="tests.test_mp_admin_chat.TestMPAdmin" name="test_saas_token_isolation" time="0.529" /><testcase classname="tests.test_mp_admin_chat.TestMPAdmin" name="test_saas_token_cannot_access_chat" time="0.182" /><testcase classname="tests.test_mp_admin_chat.TestBanAndProductHide" name="test_ban_and_unban_buyer" time="1.347" /><testcase classname="tests.test_mp_admin_chat.TestBanAndProductHide" name="test_hide_product_from_shop" time="1.894" /><testcase classname="tests.test_mp_admin_chat.TestChat" name="test_seller_cannot_start" time="0.146" /><testcase classname="tests.test_mp_admin_chat.TestChat" name="test_buyer_start_nonexistent_seller" time="0.386" /><testcase classname="tests.test_mp_admin_chat.TestChat" name="test_start_dedup" time="1.104" /><testcase classname="tests.test_mp_admin_chat.TestChat" name="test_threads_list_both_sides" time="0.473" /><testcase classname="tests.test_mp_admin_chat.TestChat" name="test_send_and_read_messages_and_unread_reset" time="0.952" /><testcase classname="tests.test_mp_admin_chat.TestChat" name="test_unrelated_user_cannot_post" time="0.466" /></testsuite></testsuites>