<?xml version="1.0" encoding="utf-8"?><testsuites name="pytest tests"><testsuite name="pytest" errors="0" failures="0" skipped="0" tests="30" time="17.728" timestamp="2026-08-09T22:52:42.621651+00:00" hostname="agent-env-2b2830d7-d2f8-49c0-93f6-e179c6ba39c2"><testcase classname="tests.test_wibaza_e2e" name="test_health" time="0.140" /><testcase classname="tests.test_wibaza_e2e" name="test_admin_login_and_me" time="0.385" /><testcase classname="tests.test_wibaza_e2e" name="test_admin_stats" time="0.056" /><testcase classname="tests.test_wibaza_e2e" name="test_create_category_as_admin" time="0.053" /><testcase classname="tests.test_wibaza_e2e" name="test_list_categories_public" time="0.110" /><testcase classname="tests.test_wibaza_e2e" name="test_register_seller" time="0.854" /><testcase classname="tests.test_wibaza_e2e" name="test_pending_seller_login_forbidden" time="0.267" /><testcase classname="tests.test_wibaza_e2e" name="test_admin_approve_seller" time="0.190" /><testcase classname="tests.test_wibaza_e2e" name="test_approved_seller_login" time="0.270" /><testcase classname="tests.test_wibaza_e2e" name="test_seller_creates_product_pending" time="0.069" /><testcase classname="tests.test_wibaza_e2e" name="test_pending_product_not_in_public_list" time="0.109" /><testcase classname="tests.test_wibaza_e2e" name="test_admin_approve_product" time="0.052" /><testcase classname="tests.test_wibaza_e2e" name="test_approved_product_in_public_list" time="0.105" /><testcase classname="tests.test_wibaza_e2e" name="test_register_client" time="6.647" /><testcase classname="tests.test_wibaza_e2e" name="test_add_to_cart" time="0.104" /><testcase classname="tests.test_wibaza_e2e" name="test_create_order" time="5.633" /><testcase classname="tests.test_wibaza_e2e" name="test_stripe_checkout" time="0.548" /><testcase classname="tests.test_wibaza_e2e" name="test_upload_image_cloudinary" time="0.663" /><testcase classname="tests.test_wibaza_e2e" name="test_admin_create_banner" time="0.075" /><testcase classname="tests.test_wibaza_e2e" name="test_list_banners_public" time="0.148" /><testcase classname="tests.test_wibaza_e2e" name="test_admin_list_all_banners" time="0.051" /><testcase classname="tests.test_wibaza_e2e" name="test_admin_create_announcement" time="0.049" /><testcase classname="tests.test_wibaza_e2e" name="test_list_announcements_public" time="0.137" /><testcase classname="tests.test_wibaza_e2e" name="test_admin_ban_client" time="0.390" /><testcase classname="tests.test_wibaza_e2e" name="test_admin_unban_and_delete_client" time="0.243" /><testcase classname="tests.test_wibaza_e2e" name="test_generate_commissions" time="0.052" /><testcase classname="tests.test_wibaza_e2e" name="test_list_commissions" time="0.068" /><testcase classname="tests.test_wibaza_e2e" name="test_admin_stock" time="0.052" /><testcase classname="tests.test_wibaza_e2e" name="test_admin_products" time="0.055" /><testcase classname="tests.test_wibaza_e2e" name="test_admin_payments" time="0.058" /></testsuite></testsuites>